Using pre-set license
Built from '2020.3/staging' branch; Version is '2020.3.5f1 (8095aa901b9b) revision 8426922'; Using compiler version '192528614'; Build Type 'Release'
OS: 'Windows 10 Home Single Language; OS build 19042.928; Version 2009; 64bit' Language: 'en' Physical Memory: 8036 MB
BatchMode: 1, IsHumanControllingUs: 0, StartBugReporterOnCrash: 0, Is64bit: 1, IsPro: 0

 COMMAND LINE ARGUMENTS:
C:\Program Files\Unity\Hub\Editor\2018.4.24f1\Editor\Unity.exe
-adb2
-batchMode
-noUpm
-name
AssetImportWorker0
-projectPath
C:/Users/vedan/Desktop/Game/scape/space shooter
-logFile
Logs/AssetImportWorker0.log
-srvPort
10266
Successfully changed project path to: C:/Users/vedan/Desktop/Game/scape/space shooter
C:/Users/vedan/Desktop/Game/scape/space shooter
Using Asset Import Pipeline V2.
Refreshing native plugins compatible for Editor in 39.59 ms, found 0 plugins.
Preloading 0 native plugins for Editor in 0.00 ms.
Initialize engine version: 2020.3.5f1 (8095aa901b9b)
[Subsystems] Discovering subsystems at path C:/Program Files/Unity/Hub/Editor/2018.4.24f1/Editor/Data/Resources/UnitySubsystems
[Subsystems] Discovering subsystems at path C:/Users/vedan/Desktop/Game/scape/space shooter/Assets
GfxDevice: creating device client; threaded=0
Direct3D:
    Version:  Direct3D 11.0 [level 11.1]
    Renderer: NVIDIA GeForce GTX 1050 (ID=0x1c8d)
    Vendor:   
    VRAM:     4021 MB
    Driver:   26.21.14.4587
Initialize mono
Mono path[0] = 'C:/Program Files/Unity/Hub/Editor/2018.4.24f1/Editor/Data/Managed'
Mono path[1] = 'C:/Program Files/Unity/Hub/Editor/2018.4.24f1/Editor/Data/MonoBleedingEdge/lib/mono/unityjit'
Mono config path = 'C:/Program Files/Unity/Hub/Editor/2018.4.24f1/Editor/Data/MonoBleedingEdge/etc'
Using monoOptions --debugger-agent=transport=dt_socket,embedding=1,server=y,suspend=n,address=127.0.0.1:56748
Begin MonoManager ReloadAssembly
Registering precompiled unity dll's ...
Register platform support module: C:/Program Files/Unity/Hub/Editor/2018.4.24f1/Editor/Data/PlaybackEngines/WindowsStandaloneSupport/UnityEditor.WindowsStandalone.Extensions.dll
Registered in 0.002069 seconds.
Native extension for WindowsStandalone target not found
Refreshing native plugins compatible for Editor in 32.94 ms, found 0 plugins.
Preloading 0 native plugins for Editor in 0.00 ms.
Mono: successfully reloaded assembly
- Completed reload, in  1.092 seconds
Platform modules already initialized, skipping
Registering precompiled user dll's ...
Registered in 0.002678 seconds.
Begin MonoManager ReloadAssembly
Native extension for WindowsStandalone target not found
Refreshing native plugins compatible for Editor in 0.35 ms, found 0 plugins.
Preloading 0 native plugins for Editor in 0.00 ms.
Mono: successfully reloaded assembly
- Completed reload, in  0.854 seconds
Platform modules already initialized, skipping
========================================================================
Worker process is ready to serve import requests
Launched and connected shader compiler UnityShaderCompiler.exe after 1.24 seconds
Refreshing native plugins compatible for Editor in 0.35 ms, found 0 plugins.
Preloading 0 native plugins for Editor in 0.00 ms.
Unloading 1421 Unused Serialized files (Serialized files now loaded: 0)
System memory in use before: 65.3 MB.
System memory in use after: 65.4 MB.

Unloading 33 unused Assets to reduce memory usage. Loaded Objects now: 1849.
Total: 2.436500 ms (FindLiveObjects: 0.185300 ms CreateObjectMapping: 0.061800 ms MarkObjects: 2.108500 ms  DeleteObjects: 0.079000 ms)

========================================================================
Received Import Request.
  path: Assets/Scripts/PlayerShooting.cs
  artifactKey: Guid(70e5c3cd6c7b29d4f8c6cefcae37175f) Importer(815301076,1909f56bfc062723c751e8b465ee728b)
Start importing Assets/Scripts/PlayerShooting.cs using Guid(70e5c3cd6c7b29d4f8c6cefcae37175f) Importer(815301076,1909f56bfc062723c751e8b465ee728b)  -> (artifact id: '879a929041ac0af28bd9aea4d937faeb') in 0.694255 seconds
  Import took 0.746501 seconds .

========================================================================
Received Import Request.
  Time since last request: 454.962114 seconds.
  path: Assets/Scripts/PlayerShooting.cs
  artifactKey: Guid(70e5c3cd6c7b29d4f8c6cefcae37175f) Importer(815301076,1909f56bfc062723c751e8b465ee728b)
Start importing Assets/Scripts/PlayerShooting.cs using Guid(70e5c3cd6c7b29d4f8c6cefcae37175f) Importer(815301076,1909f56bfc062723c751e8b465ee728b)  -> (artifact id: '5572cbbee7e79648a15780b88e3a26fd') in 0.004715 seconds
  Import took 0.065149 seconds .

========================================================================
Received Prepare
Registering precompiled user dll's ...
Registered in 0.002207 seconds.
Begin MonoManager ReloadAssembly
Native extension for WindowsStandalone target not found
Refreshing native plugins compatible for Editor in 0.36 ms, found 0 plugins.
Preloading 0 native plugins for Editor in 0.00 ms.
Mono: successfully reloaded assembly
- Completed reload, in  0.829 seconds
Platform modules already initialized, skipping
Refreshing native plugins compatible for Editor in 0.50 ms, found 0 plugins.
Preloading 0 native plugins for Editor in 0.00 ms.
Unloading 1415 Unused Serialized files (Serialized files now loaded: 0)
System memory in use before: 65.2 MB.
System memory in use after: 65.3 MB.

Unloading 24 unused Assets to reduce memory usage. Loaded Objects now: 1852.
Total: 1.690000 ms (FindLiveObjects: 0.144600 ms CreateObjectMapping: 0.035900 ms MarkObjects: 1.492300 ms  DeleteObjects: 0.015700 ms)

========================================================================
Received Prepare
Registering precompiled user dll's ...
Registered in 0.002436 seconds.
Begin MonoManager ReloadAssembly
Native extension for WindowsStandalone target not found
Refreshing native plugins compatible for Editor in 0.42 ms, found 0 plugins.
Preloading 0 native plugins for Editor in 0.00 ms.
Mono: successfully reloaded assembly
- Completed reload, in  1.175 seconds
Platform modules already initialized, skipping
Refreshing native plugins compatible for Editor in 0.39 ms, found 0 plugins.
Preloading 0 native plugins for Editor in 0.00 ms.
Unloading 1415 Unused Serialized files (Serialized files now loaded: 0)
System memory in use before: 65.2 MB.
System memory in use after: 65.3 MB.

Unloading 24 unused Assets to reduce memory usage. Loaded Objects now: 1855.
Total: 2.133800 ms (FindLiveObjects: 0.228100 ms CreateObjectMapping: 0.078300 ms MarkObjects: 1.802300 ms  DeleteObjects: 0.023300 ms)

========================================================================
Received Prepare
Registering precompiled user dll's ...
Registered in 0.002404 seconds.
Begin MonoManager ReloadAssembly
Native extension for WindowsStandalone target not found
Refreshing native plugins compatible for Editor in 0.49 ms, found 0 plugins.
Preloading 0 native plugins for Editor in 0.00 ms.
Mono: successfully reloaded assembly
- Completed reload, in  1.404 seconds
Platform modules already initialized, skipping
Refreshing native plugins compatible for Editor in 0.39 ms, found 0 plugins.
Preloading 0 native plugins for Editor in 0.00 ms.
Unloading 1415 Unused Serialized files (Serialized files now loaded: 0)
System memory in use before: 65.2 MB.
System memory in use after: 65.3 MB.

Unloading 24 unused Assets to reduce memory usage. Loaded Objects now: 1858.
Total: 6.187700 ms (FindLiveObjects: 0.664200 ms CreateObjectMapping: 0.243700 ms MarkObjects: 5.239500 ms  DeleteObjects: 0.038600 ms)

========================================================================
Received Prepare
Registering precompiled user dll's ...
Registered in 0.002421 seconds.
Begin MonoManager ReloadAssembly
Native extension for WindowsStandalone target not found
Refreshing native plugins compatible for Editor in 0.36 ms, found 0 plugins.
Preloading 0 native plugins for Editor in 0.00 ms.
Mono: successfully reloaded assembly
- Completed reload, in  0.900 seconds
Platform modules already initialized, skipping
Refreshing native plugins compatible for Editor in 0.36 ms, found 0 plugins.
Preloading 0 native plugins for Editor in 0.00 ms.
Unloading 1415 Unused Serialized files (Serialized files now loaded: 0)
System memory in use before: 65.2 MB.
System memory in use after: 65.3 MB.

Unloading 24 unused Assets to reduce memory usage. Loaded Objects now: 1861.
Total: 1.662000 ms (FindLiveObjects: 0.139300 ms CreateObjectMapping: 0.034900 ms MarkObjects: 1.464900 ms  DeleteObjects: 0.016800 ms)

========================================================================
Received Prepare
Registering precompiled user dll's ...
Registered in 0.004077 seconds.
Begin MonoManager ReloadAssembly
Native extension for WindowsStandalone target not found
Refreshing native plugins compatible for Editor in 0.39 ms, found 0 plugins.
Preloading 0 native plugins for Editor in 0.00 ms.
Mono: successfully reloaded assembly
- Completed reload, in  1.142 seconds
Platform modules already initialized, skipping
Refreshing native plugins compatible for Editor in 0.37 ms, found 0 plugins.
Preloading 0 native plugins for Editor in 0.00 ms.
Unloading 1415 Unused Serialized files (Serialized files now loaded: 0)
System memory in use before: 65.2 MB.
System memory in use after: 65.3 MB.

Unloading 24 unused Assets to reduce memory usage. Loaded Objects now: 1864.
Total: 2.032500 ms (FindLiveObjects: 0.333300 ms CreateObjectMapping: 0.074100 ms MarkObjects: 1.601500 ms  DeleteObjects: 0.020800 ms)

========================================================================
Received Import Request.
  Time since last request: 1248.525948 seconds.
  path: Assets/Scripts/PlayerSpawner.cs
  artifactKey: Guid(206f5998c579ece4ebdeebd7111a04d2) Importer(815301076,1909f56bfc062723c751e8b465ee728b)
Start importing Assets/Scripts/PlayerSpawner.cs using Guid(206f5998c579ece4ebdeebd7111a04d2) Importer(815301076,1909f56bfc062723c751e8b465ee728b)  -> (artifact id: '73997be0eaaea2b9eaca69389e048f8c') in 0.097042 seconds
  Import took 0.120062 seconds .

========================================================================
Received Prepare
Registering precompiled user dll's ...
Registered in 0.002276 seconds.
Begin MonoManager ReloadAssembly
Native extension for WindowsStandalone target not found
Refreshing native plugins compatible for Editor in 0.41 ms, found 0 plugins.
Preloading 0 native plugins for Editor in 0.00 ms.
Mono: successfully reloaded assembly
- Completed reload, in  1.249 seconds
Platform modules already initialized, skipping
Refreshing native plugins compatible for Editor in 0.43 ms, found 0 plugins.
Preloading 0 native plugins for Editor in 0.00 ms.
Unloading 1416 Unused Serialized files (Serialized files now loaded: 0)
System memory in use before: 65.3 MB.
System memory in use after: 65.4 MB.

Unloading 24 unused Assets to reduce memory usage. Loaded Objects now: 1868.
Total: 1.846800 ms (FindLiveObjects: 0.174700 ms CreateObjectMapping: 0.051000 ms MarkObjects: 1.601700 ms  DeleteObjects: 0.018000 ms)

========================================================================
Received Prepare
Registering precompiled user dll's ...
Registered in 0.002275 seconds.
Begin MonoManager ReloadAssembly
Native extension for WindowsStandalone target not found
Refreshing native plugins compatible for Editor in 0.35 ms, found 0 plugins.
Preloading 0 native plugins for Editor in 0.00 ms.
Mono: successfully reloaded assembly
- Completed reload, in  1.004 seconds
Platform modules already initialized, skipping
Refreshing native plugins compatible for Editor in 0.38 ms, found 0 plugins.
Preloading 0 native plugins for Editor in 0.00 ms.
Unloading 1416 Unused Serialized files (Serialized files now loaded: 0)
System memory in use before: 65.3 MB.
System memory in use after: 65.4 MB.

Unloading 24 unused Assets to reduce memory usage. Loaded Objects now: 1871.
Total: 2.157100 ms (FindLiveObjects: 0.292000 ms CreateObjectMapping: 0.053000 ms MarkObjects: 1.784200 ms  DeleteObjects: 0.025800 ms)

========================================================================
Received Import Request.
  Time since last request: 347.536270 seconds.
  path: Assets/Graphics/playership.prefab
  artifactKey: Guid(653477c52506fdd45829cbe26b9c9c52) Importer(815301076,1909f56bfc062723c751e8b465ee728b)
Start importing Assets/Graphics/playership.prefab using Guid(653477c52506fdd45829cbe26b9c9c52) Importer(815301076,1909f56bfc062723c751e8b465ee728b)  -> (artifact id: 'b0758d317a950572e02ca9adf5e08a1d') in 0.337542 seconds
  Import took 0.351492 seconds .

========================================================================
Received Import Request.
  Time since last request: 43.267403 seconds.
  path: Assets/Prefabs/playership.prefab
  artifactKey: Guid(653477c52506fdd45829cbe26b9c9c52) Importer(815301076,1909f56bfc062723c751e8b465ee728b)
Start importing Assets/Prefabs/playership.prefab using Guid(653477c52506fdd45829cbe26b9c9c52) Importer(815301076,1909f56bfc062723c751e8b465ee728b)  -> (artifact id: '54cda6803349ccc1adb8521f6cddaaee') in 0.016386 seconds
  Import took 0.064958 seconds .

========================================================================
Received Import Request.
  Time since last request: 2.488417 seconds.
  path: Assets/Prefabs/playership.prefab
  artifactKey: Guid(653477c52506fdd45829cbe26b9c9c52) Importer(815301076,1909f56bfc062723c751e8b465ee728b)
Start importing Assets/Prefabs/playership.prefab using Guid(653477c52506fdd45829cbe26b9c9c52) Importer(815301076,1909f56bfc062723c751e8b465ee728b)  -> (artifact id: 'f38fda2ecaea1afc94341933d81c243d') in 0.016297 seconds
  Import took 0.064021 seconds .

========================================================================
Received Import Request.
  Time since last request: 6.799397 seconds.
  path: Assets/Prefabs/playership.prefab
  artifactKey: Guid(653477c52506fdd45829cbe26b9c9c52) Importer(815301076,1909f56bfc062723c751e8b465ee728b)
Start importing Assets/Prefabs/playership.prefab using Guid(653477c52506fdd45829cbe26b9c9c52) Importer(815301076,1909f56bfc062723c751e8b465ee728b)  -> (artifact id: '7968bdf08ab95b4c9982a8e126911233') in 0.012528 seconds
  Import took 0.045641 seconds .

========================================================================
Received Import Request.
  Time since last request: 2.746959 seconds.
  path: Assets/Prefabs/playership.prefab
  artifactKey: Guid(653477c52506fdd45829cbe26b9c9c52) Importer(815301076,1909f56bfc062723c751e8b465ee728b)
Start importing Assets/Prefabs/playership.prefab using Guid(653477c52506fdd45829cbe26b9c9c52) Importer(815301076,1909f56bfc062723c751e8b465ee728b)  -> (artifact id: '3318f0e3ab383359b58d4b76acd31db4') in 0.015951 seconds
  Import took 0.019205 seconds .

========================================================================
Received Import Request.
  Time since last request: 3.451986 seconds.
  path: Assets/Prefabs/playership.prefab
  artifactKey: Guid(653477c52506fdd45829cbe26b9c9c52) Importer(815301076,1909f56bfc062723c751e8b465ee728b)
Start importing Assets/Prefabs/playership.prefab using Guid(653477c52506fdd45829cbe26b9c9c52) Importer(815301076,1909f56bfc062723c751e8b465ee728b)  -> (artifact id: '2d4322cbcf5bdde794244505ba316bc9') in 0.014811 seconds
  Import took 0.077426 seconds .

========================================================================
Received Import Request.
  Time since last request: 7.889383 seconds.
  path: Assets/Prefabs/playership.prefab
  artifactKey: Guid(653477c52506fdd45829cbe26b9c9c52) Importer(815301076,1909f56bfc062723c751e8b465ee728b)
Start importing Assets/Prefabs/playership.prefab using Guid(653477c52506fdd45829cbe26b9c9c52) Importer(815301076,1909f56bfc062723c751e8b465ee728b)  -> (artifact id: '54b028c996a76be2f83b6a0460663906') in 0.014899 seconds
  Import took 0.018052 seconds .

========================================================================
Received Import Request.
  Time since last request: 0.007186 seconds.
  path: Assets/Prefabs/playership.prefab
  artifactKey: Guid(653477c52506fdd45829cbe26b9c9c52) Importer(815301076,1909f56bfc062723c751e8b465ee728b)
Start importing Assets/Prefabs/playership.prefab using Guid(653477c52506fdd45829cbe26b9c9c52) Importer(815301076,1909f56bfc062723c751e8b465ee728b)  -> (artifact id: '54b028c996a76be2f83b6a0460663906') in 0.017194 seconds
  Import took 0.028028 seconds .

========================================================================
Received Import Request.
  Time since last request: 3.388358 seconds.
  path: Assets/Prefabs/playership.prefab
  artifactKey: Guid(653477c52506fdd45829cbe26b9c9c52) Importer(815301076,1909f56bfc062723c751e8b465ee728b)
Start importing Assets/Prefabs/playership.prefab using Guid(653477c52506fdd45829cbe26b9c9c52) Importer(815301076,1909f56bfc062723c751e8b465ee728b)  -> (artifact id: 'ee134c8e03c91896d599a0e2e9515dc7') in 0.013756 seconds
  Import took 0.022361 seconds .

========================================================================
Received Import Request.
  Time since last request: 0.001721 seconds.
  path: Assets/Prefabs/playership.prefab
  artifactKey: Guid(653477c52506fdd45829cbe26b9c9c52) Importer(815301076,1909f56bfc062723c751e8b465ee728b)
Start importing Assets/Prefabs/playership.prefab using Guid(653477c52506fdd45829cbe26b9c9c52) Importer(815301076,1909f56bfc062723c751e8b465ee728b)  -> (artifact id: 'ee134c8e03c91896d599a0e2e9515dc7') in 0.018437 seconds
  Import took 0.022654 seconds .

========================================================================
Received Import Request.
  Time since last request: 39.751977 seconds.
  path: Assets/Scripts/PlayerSpawner.cs
  artifactKey: Guid(206f5998c579ece4ebdeebd7111a04d2) Importer(815301076,1909f56bfc062723c751e8b465ee728b)
Start importing Assets/Scripts/PlayerSpawner.cs using Guid(206f5998c579ece4ebdeebd7111a04d2) Importer(815301076,1909f56bfc062723c751e8b465ee728b)  -> (artifact id: '3ba0a880623af878e509443081ce0c3f') in 0.013785 seconds
  Import took 0.041871 seconds .

========================================================================
Received Prepare
Registering precompiled user dll's ...
Registered in 0.003270 seconds.
Begin MonoManager ReloadAssembly
Native extension for WindowsStandalone target not found
Refreshing native plugins compatible for Editor in 0.88 ms, found 0 plugins.
Preloading 0 native plugins for Editor in 0.00 ms.
Mono: successfully reloaded assembly
- Completed reload, in  1.050 seconds
Platform modules already initialized, skipping
Refreshing native plugins compatible for Editor in 0.37 ms, found 0 plugins.
Preloading 0 native plugins for Editor in 0.00 ms.
Unloading 1416 Unused Serialized files (Serialized files now loaded: 0)
System memory in use before: 68.4 MB.
System memory in use after: 68.5 MB.

Unloading 24 unused Assets to reduce memory usage. Loaded Objects now: 1881.
Total: 1.991500 ms (FindLiveObjects: 0.296100 ms CreateObjectMapping: 0.130900 ms MarkObjects: 1.528400 ms  DeleteObjects: 0.035000 ms)

========================================================================
Received Prepare
Registering precompiled user dll's ...
Registered in 0.345201 seconds.
Begin MonoManager ReloadAssembly
Native extension for WindowsStandalone target not found
Refreshing native plugins compatible for Editor in 0.38 ms, found 0 plugins.
Preloading 0 native plugins for Editor in 0.00 ms.
Mono: successfully reloaded assembly
- Completed reload, in  0.909 seconds
Platform modules already initialized, skipping
Refreshing native plugins compatible for Editor in 0.41 ms, found 0 plugins.
Preloading 0 native plugins for Editor in 0.00 ms.
Unloading 1416 Unused Serialized files (Serialized files now loaded: 0)
System memory in use before: 68.4 MB.
System memory in use after: 68.5 MB.

Unloading 24 unused Assets to reduce memory usage. Loaded Objects now: 1884.
Total: 2.231600 ms (FindLiveObjects: 0.282900 ms CreateObjectMapping: 0.091500 ms MarkObjects: 1.836600 ms  DeleteObjects: 0.018900 ms)

========================================================================
Received Prepare
Registering precompiled user dll's ...
Registered in 0.002213 seconds.
Begin MonoManager ReloadAssembly
Native extension for WindowsStandalone target not found
Refreshing native plugins compatible for Editor in 0.44 ms, found 0 plugins.
Preloading 0 native plugins for Editor in 0.00 ms.
Mono: successfully reloaded assembly
- Completed reload, in  0.893 seconds
Platform modules already initialized, skipping
Refreshing native plugins compatible for Editor in 0.35 ms, found 0 plugins.
Preloading 0 native plugins for Editor in 0.00 ms.
Unloading 1416 Unused Serialized files (Serialized files now loaded: 0)
System memory in use before: 68.4 MB.
System memory in use after: 68.5 MB.

Unloading 24 unused Assets to reduce memory usage. Loaded Objects now: 1887.
Total: 1.868200 ms (FindLiveObjects: 0.163800 ms CreateObjectMapping: 0.038800 ms MarkObjects: 1.647700 ms  DeleteObjects: 0.016400 ms)

========================================================================
Received Import Request.
  Time since last request: 132.569558 seconds.
  path: Assets/Prefabs/playership.prefab
  artifactKey: Guid(653477c52506fdd45829cbe26b9c9c52) Importer(815301076,1909f56bfc062723c751e8b465ee728b)
Start importing Assets/Prefabs/playership.prefab using Guid(653477c52506fdd45829cbe26b9c9c52) Importer(815301076,1909f56bfc062723c751e8b465ee728b)  -> (artifact id: 'eced7e5918074ccb4aa4aca222e836f6') in 0.272656 seconds
  Import took 0.334511 seconds .

========================================================================
Received Prepare
Registering precompiled user dll's ...
Registered in 0.002262 seconds.
Begin MonoManager ReloadAssembly
Native extension for WindowsStandalone target not found
Refreshing native plugins compatible for Editor in 10.31 ms, found 0 plugins.
Preloading 0 native plugins for Editor in 0.00 ms.
Mono: successfully reloaded assembly
- Completed reload, in  1.023 seconds
Platform modules already initialized, skipping
Refreshing native plugins compatible for Editor in 0.38 ms, found 0 plugins.
Preloading 0 native plugins for Editor in 0.00 ms.
Unloading 1416 Unused Serialized files (Serialized files now loaded: 0)
System memory in use before: 68.4 MB.
System memory in use after: 68.6 MB.

Unloading 24 unused Assets to reduce memory usage. Loaded Objects now: 1891.
Total: 2.429500 ms (FindLiveObjects: 0.220000 ms CreateObjectMapping: 0.057000 ms MarkObjects: 2.126200 ms  DeleteObjects: 0.024000 ms)

========================================================================
Received Import Request.
  Time since last request: 93.523479 seconds.
  path: Assets/Prefabs/playership.prefab
  artifactKey: Guid(653477c52506fdd45829cbe26b9c9c52) Importer(815301076,1909f56bfc062723c751e8b465ee728b)
Start importing Assets/Prefabs/playership.prefab using Guid(653477c52506fdd45829cbe26b9c9c52) Importer(815301076,1909f56bfc062723c751e8b465ee728b)  -> (artifact id: '8b766a4d61285244b2b1ccbb40840db4') in 0.065867 seconds
  Import took 0.190485 seconds .

========================================================================
Received Prepare
Registering precompiled user dll's ...
Registered in 0.002253 seconds.
Begin MonoManager ReloadAssembly
Native extension for WindowsStandalone target not found
Refreshing native plugins compatible for Editor in 0.36 ms, found 0 plugins.
Preloading 0 native plugins for Editor in 0.00 ms.
Mono: successfully reloaded assembly
- Completed reload, in  0.832 seconds
Platform modules already initialized, skipping
Refreshing native plugins compatible for Editor in 0.35 ms, found 0 plugins.
Preloading 0 native plugins for Editor in 0.00 ms.
Unloading 1416 Unused Serialized files (Serialized files now loaded: 0)
System memory in use before: 68.5 MB.
System memory in use after: 68.6 MB.

Unloading 24 unused Assets to reduce memory usage. Loaded Objects now: 1895.
Total: 1.890500 ms (FindLiveObjects: 0.164600 ms CreateObjectMapping: 0.055200 ms MarkObjects: 1.650900 ms  DeleteObjects: 0.018300 ms)

========================================================================
Received Import Request.
  Time since last request: 663.683473 seconds.
  path: Assets/Scripts/EnemySpawner.cs
  artifactKey: Guid(7772262b43dc8974f8ea642859673b63) Importer(815301076,1909f56bfc062723c751e8b465ee728b)
Start importing Assets/Scripts/EnemySpawner.cs using Guid(7772262b43dc8974f8ea642859673b63) Importer(815301076,1909f56bfc062723c751e8b465ee728b)  -> (artifact id: '938eb6365a0266383e5716989c30ca5f') in 0.069558 seconds
  Import took 0.138746 seconds .

========================================================================
Received Prepare
Registering precompiled user dll's ...
Registered in 0.002552 seconds.
Begin MonoManager ReloadAssembly
Native extension for WindowsStandalone target not found
Refreshing native plugins compatible for Editor in 0.43 ms, found 0 plugins.
Preloading 0 native plugins for Editor in 0.00 ms.
Mono: successfully reloaded assembly
- Completed reload, in  1.085 seconds
Platform modules already initialized, skipping
Refreshing native plugins compatible for Editor in 0.40 ms, found 0 plugins.
Preloading 0 native plugins for Editor in 0.00 ms.
Unloading 1417 Unused Serialized files (Serialized files now loaded: 0)
System memory in use before: 68.5 MB.
System memory in use after: 68.6 MB.

Unloading 24 unused Assets to reduce memory usage. Loaded Objects now: 1899.
Total: 3.042900 ms (FindLiveObjects: 0.331600 ms CreateObjectMapping: 0.195200 ms MarkObjects: 2.491600 ms  DeleteObjects: 0.022700 ms)

========================================================================
Received Prepare
Registering precompiled user dll's ...
Registered in 0.002165 seconds.
Begin MonoManager ReloadAssembly
Native extension for WindowsStandalone target not found
Refreshing native plugins compatible for Editor in 0.70 ms, found 0 plugins.
Preloading 0 native plugins for Editor in 0.00 ms.
Mono: successfully reloaded assembly
- Completed reload, in  0.945 seconds
Platform modules already initialized, skipping
Refreshing native plugins compatible for Editor in 0.37 ms, found 0 plugins.
Preloading 0 native plugins for Editor in 0.00 ms.
Unloading 1417 Unused Serialized files (Serialized files now loaded: 0)
System memory in use before: 68.5 MB.
System memory in use after: 68.6 MB.

Unloading 24 unused Assets to reduce memory usage. Loaded Objects now: 1902.
Total: 2.018100 ms (FindLiveObjects: 0.191300 ms CreateObjectMapping: 0.064000 ms MarkObjects: 1.733400 ms  DeleteObjects: 0.027600 ms)

========================================================================
Received Prepare
Registering precompiled user dll's ...
Registered in 0.002284 seconds.
Begin MonoManager ReloadAssembly
Native extension for WindowsStandalone target not found
Refreshing native plugins compatible for Editor in 0.80 ms, found 0 plugins.
Preloading 0 native plugins for Editor in 0.00 ms.
Mono: successfully reloaded assembly
- Completed reload, in  1.062 seconds
Platform modules already initialized, skipping
Refreshing native plugins compatible for Editor in 0.62 ms, found 0 plugins.
Preloading 0 native plugins for Editor in 0.00 ms.
Unloading 1417 Unused Serialized files (Serialized files now loaded: 0)
System memory in use before: 68.5 MB.
System memory in use after: 68.6 MB.

Unloading 24 unused Assets to reduce memory usage. Loaded Objects now: 1905.
Total: 1.819800 ms (FindLiveObjects: 0.249900 ms CreateObjectMapping: 0.052300 ms MarkObjects: 1.480500 ms  DeleteObjects: 0.035400 ms)

========================================================================
Received Prepare
Registering precompiled user dll's ...
Registered in 0.002199 seconds.
Begin MonoManager ReloadAssembly
Native extension for WindowsStandalone target not found
Refreshing native plugins compatible for Editor in 0.42 ms, found 0 plugins.
Preloading 0 native plugins for Editor in 0.00 ms.
Mono: successfully reloaded assembly
- Completed reload, in  1.042 seconds
Platform modules already initialized, skipping
Refreshing native plugins compatible for Editor in 0.40 ms, found 0 plugins.
Preloading 0 native plugins for Editor in 0.00 ms.
Unloading 1417 Unused Serialized files (Serialized files now loaded: 0)
System memory in use before: 68.5 MB.
System memory in use after: 68.6 MB.

Unloading 24 unused Assets to reduce memory usage. Loaded Objects now: 1908.
Total: 2.798200 ms (FindLiveObjects: 0.272200 ms CreateObjectMapping: 0.085200 ms MarkObjects: 2.411400 ms  DeleteObjects: 0.027800 ms)

========================================================================
Received Import Request.
  Time since last request: 873.796191 seconds.
  path: Assets/Prefabs/playership.prefab
  artifactKey: Guid(653477c52506fdd45829cbe26b9c9c52) Importer(815301076,1909f56bfc062723c751e8b465ee728b)
Start importing Assets/Prefabs/playership.prefab using Guid(653477c52506fdd45829cbe26b9c9c52) Importer(815301076,1909f56bfc062723c751e8b465ee728b)  -> (artifact id: '2e06eaa0689e820e58d3f9c98ad3f52f') in 0.070243 seconds
  Import took 0.116671 seconds .

========================================================================
Received Import Request.
  Time since last request: 0.531724 seconds.
  path: Assets/Prefabs/playership.prefab
  artifactKey: Guid(653477c52506fdd45829cbe26b9c9c52) Importer(815301076,1909f56bfc062723c751e8b465ee728b)
Start importing Assets/Prefabs/playership.prefab using Guid(653477c52506fdd45829cbe26b9c9c52) Importer(815301076,1909f56bfc062723c751e8b465ee728b)  -> (artifact id: '0ec1187e0d6d165295e382a93c881b83') in 0.016244 seconds
  Import took 0.054197 seconds .

========================================================================
Received Prepare
Registering precompiled user dll's ...
Registered in 0.004081 seconds.
Begin MonoManager ReloadAssembly
Native extension for WindowsStandalone target not found
Refreshing native plugins compatible for Editor in 0.46 ms, found 0 plugins.
Preloading 0 native plugins for Editor in 0.00 ms.
Mono: successfully reloaded assembly
- Completed reload, in  0.960 seconds
Platform modules already initialized, skipping
Refreshing native plugins compatible for Editor in 0.42 ms, found 0 plugins.
Preloading 0 native plugins for Editor in 0.00 ms.
Unloading 1417 Unused Serialized files (Serialized files now loaded: 0)
System memory in use before: 68.5 MB.
System memory in use after: 68.6 MB.

Unloading 24 unused Assets to reduce memory usage. Loaded Objects now: 1912.
Total: 1.819600 ms (FindLiveObjects: 0.180900 ms CreateObjectMapping: 0.053400 ms MarkObjects: 1.562600 ms  DeleteObjects: 0.021200 ms)

========================================================================
Received Import Request.
  Time since last request: 131.025534 seconds.
  path: Assets/Prefabs/playership.prefab
  artifactKey: Guid(653477c52506fdd45829cbe26b9c9c52) Importer(815301076,1909f56bfc062723c751e8b465ee728b)
Start importing Assets/Prefabs/playership.prefab using Guid(653477c52506fdd45829cbe26b9c9c52) Importer(815301076,1909f56bfc062723c751e8b465ee728b)  -> (artifact id: 'a6bf58b42732de1dd106203de9e426fb') in 0.058926 seconds
  Import took 0.061576 seconds .

========================================================================
Received Import Request.
  Time since last request: 37.268029 seconds.
  path: Assets/Scripts/EnemySpawner.cs
  artifactKey: Guid(7772262b43dc8974f8ea642859673b63) Importer(815301076,1909f56bfc062723c751e8b465ee728b)
Start importing Assets/Scripts/EnemySpawner.cs using Guid(7772262b43dc8974f8ea642859673b63) Importer(815301076,1909f56bfc062723c751e8b465ee728b)  -> (artifact id: 'fb7aed979877bc7dcba504c66aeb7bfd') in 0.004049 seconds
  Import took 0.024737 seconds .

========================================================================
Received Import Request.
  Time since last request: 2.179157 seconds.
  path: Assets/Scripts/PlayerSpawner.cs
  artifactKey: Guid(206f5998c579ece4ebdeebd7111a04d2) Importer(815301076,1909f56bfc062723c751e8b465ee728b)
Start importing Assets/Scripts/PlayerSpawner.cs using Guid(206f5998c579ece4ebdeebd7111a04d2) Importer(815301076,1909f56bfc062723c751e8b465ee728b)  -> (artifact id: 'b40bc96dceaef8947213d6f503131a11') in 0.004009 seconds
  Import took 0.032836 seconds .

========================================================================
Received Prepare
Registering precompiled user dll's ...
Registered in 0.002367 seconds.
Begin MonoManager ReloadAssembly
Native extension for WindowsStandalone target not found
Refreshing native plugins compatible for Editor in 0.47 ms, found 0 plugins.
Preloading 0 native plugins for Editor in 0.00 ms.
Mono: successfully reloaded assembly
- Completed reload, in  0.979 seconds
Platform modules already initialized, skipping
Refreshing native plugins compatible for Editor in 0.38 ms, found 0 plugins.
Preloading 0 native plugins for Editor in 0.00 ms.
Unloading 1417 Unused Serialized files (Serialized files now loaded: 0)
System memory in use before: 68.5 MB.
System memory in use after: 68.6 MB.

Unloading 24 unused Assets to reduce memory usage. Loaded Objects now: 1916.
Total: 2.550800 ms (FindLiveObjects: 0.339800 ms CreateObjectMapping: 0.107700 ms MarkObjects: 2.073800 ms  DeleteObjects: 0.028000 ms)

========================================================================
Received Import Request.
  Time since last request: 32.576946 seconds.
  path: Assets/Prefabs/playership.prefab
  artifactKey: Guid(653477c52506fdd45829cbe26b9c9c52) Importer(815301076,1909f56bfc062723c751e8b465ee728b)
Start importing Assets/Prefabs/playership.prefab using Guid(653477c52506fdd45829cbe26b9c9c52) Importer(815301076,1909f56bfc062723c751e8b465ee728b)  -> (artifact id: 'd61e499a724164b67f3f22a8939e2ec4') in 0.066760 seconds
  Import took 0.081127 seconds .

========================================================================
Received Prepare
Registering precompiled user dll's ...
Registered in 0.003905 seconds.
Begin MonoManager ReloadAssembly
Native extension for WindowsStandalone target not found
Refreshing native plugins compatible for Editor in 0.60 ms, found 0 plugins.
Preloading 0 native plugins for Editor in 0.00 ms.
Mono: successfully reloaded assembly
- Completed reload, in  1.031 seconds
Platform modules already initialized, skipping
Refreshing native plugins compatible for Editor in 0.39 ms, found 0 plugins.
Preloading 0 native plugins for Editor in 0.00 ms.
Unloading 1417 Unused Serialized files (Serialized files now loaded: 0)
System memory in use before: 68.5 MB.
System memory in use after: 68.7 MB.

Unloading 24 unused Assets to reduce memory usage. Loaded Objects now: 1920.
Total: 2.206100 ms (FindLiveObjects: 0.308500 ms CreateObjectMapping: 0.079300 ms MarkObjects: 1.795700 ms  DeleteObjects: 0.021700 ms)

========================================================================
Received Prepare
Registering precompiled user dll's ...
Registered in 0.002255 seconds.
Begin MonoManager ReloadAssembly
Native extension for WindowsStandalone target not found
Refreshing native plugins compatible for Editor in 0.56 ms, found 0 plugins.
Preloading 0 native plugins for Editor in 0.00 ms.
Mono: successfully reloaded assembly
- Completed reload, in  0.995 seconds
Platform modules already initialized, skipping
Refreshing native plugins compatible for Editor in 0.37 ms, found 0 plugins.
Preloading 0 native plugins for Editor in 0.00 ms.
Unloading 1417 Unused Serialized files (Serialized files now loaded: 0)
System memory in use before: 68.6 MB.
System memory in use after: 68.7 MB.

Unloading 24 unused Assets to reduce memory usage. Loaded Objects now: 1923.
Total: 1.824100 ms (FindLiveObjects: 0.205300 ms CreateObjectMapping: 0.052200 ms MarkObjects: 1.538400 ms  DeleteObjects: 0.027100 ms)

========================================================================
Received Import Request.
  Time since last request: 60.037582 seconds.
  path: Assets/Prefabs/playership.prefab
  artifactKey: Guid(653477c52506fdd45829cbe26b9c9c52) Importer(815301076,1909f56bfc062723c751e8b465ee728b)
Start importing Assets/Prefabs/playership.prefab using Guid(653477c52506fdd45829cbe26b9c9c52) Importer(815301076,1909f56bfc062723c751e8b465ee728b)  -> (artifact id: '708dc5719bb994416a5bbe67723c0057') in 0.064565 seconds
  Import took 0.076109 seconds .

========================================================================
Received Import Request.
  Time since last request: 4.702923 seconds.
  path: Assets/Prefabs/playership.prefab
  artifactKey: Guid(653477c52506fdd45829cbe26b9c9c52) Importer(815301076,1909f56bfc062723c751e8b465ee728b)
Start importing Assets/Prefabs/playership.prefab using Guid(653477c52506fdd45829cbe26b9c9c52) Importer(815301076,1909f56bfc062723c751e8b465ee728b)  -> (artifact id: '30c5c2477acc4ff5d3dbed76ce992531') in 0.013783 seconds
  Import took 0.016816 seconds .

========================================================================
Received Prepare
Registering precompiled user dll's ...
Registered in 0.002173 seconds.
Begin MonoManager ReloadAssembly
Native extension for WindowsStandalone target not found
Refreshing native plugins compatible for Editor in 0.92 ms, found 0 plugins.
Preloading 0 native plugins for Editor in 0.00 ms.
Mono: successfully reloaded assembly
- Completed reload, in  1.028 seconds
Platform modules already initialized, skipping
Refreshing native plugins compatible for Editor in 0.44 ms, found 0 plugins.
Preloading 0 native plugins for Editor in 0.00 ms.
Unloading 1417 Unused Serialized files (Serialized files now loaded: 0)
System memory in use before: 68.6 MB.
System memory in use after: 68.7 MB.

Unloading 24 unused Assets to reduce memory usage. Loaded Objects now: 1927.
Total: 2.403700 ms (FindLiveObjects: 0.228400 ms CreateObjectMapping: 0.090400 ms MarkObjects: 2.059400 ms  DeleteObjects: 0.024100 ms)

========================================================================
Received Import Request.
  Time since last request: 433.564244 seconds.
  path: Assets/Prefabs/playership.prefab
  artifactKey: Guid(653477c52506fdd45829cbe26b9c9c52) Importer(815301076,1909f56bfc062723c751e8b465ee728b)
Start importing Assets/Prefabs/playership.prefab using Guid(653477c52506fdd45829cbe26b9c9c52) Importer(815301076,1909f56bfc062723c751e8b465ee728b)  -> (artifact id: '1d0fadca71194380c6ad4832696cbb7d') in 0.067769 seconds
  Import took 0.081859 seconds .

========================================================================
Received Prepare
Registering precompiled user dll's ...
Registered in 0.004915 seconds.
Begin MonoManager ReloadAssembly
Native extension for WindowsStandalone target not found
Refreshing native plugins compatible for Editor in 0.63 ms, found 0 plugins.
Preloading 0 native plugins for Editor in 0.00 ms.
Mono: successfully reloaded assembly
- Completed reload, in  2.562 seconds
Platform modules already initialized, skipping
Refreshing native plugins compatible for Editor in 0.69 ms, found 0 plugins.
Preloading 0 native plugins for Editor in 0.00 ms.
Unloading 1417 Unused Serialized files (Serialized files now loaded: 0)
System memory in use before: 68.6 MB.
System memory in use after: 68.7 MB.

Unloading 24 unused Assets to reduce memory usage. Loaded Objects now: 1931.
Total: 3.893900 ms (FindLiveObjects: 0.426000 ms CreateObjectMapping: 0.166400 ms MarkObjects: 3.274200 ms  DeleteObjects: 0.025600 ms)

========================================================================
Received Import Request.
  Time since last request: 37.394103 seconds.
  path: Assets/Prefabs/playership.prefab
  artifactKey: Guid(653477c52506fdd45829cbe26b9c9c52) Importer(815301076,1909f56bfc062723c751e8b465ee728b)
Start importing Assets/Prefabs/playership.prefab using Guid(653477c52506fdd45829cbe26b9c9c52) Importer(815301076,1909f56bfc062723c751e8b465ee728b)  -> (artifact id: 'e0f3c7bc9dabc90046feec78543dfe1b') in 0.138193 seconds
  Import took 0.159725 seconds .

========================================================================
Received Import Request.
  Time since last request: 0.011715 seconds.
  path: Assets/Prefabs/playership.prefab
  artifactKey: Guid(653477c52506fdd45829cbe26b9c9c52) Importer(815301076,1909f56bfc062723c751e8b465ee728b)
Start importing Assets/Prefabs/playership.prefab using Guid(653477c52506fdd45829cbe26b9c9c52) Importer(815301076,1909f56bfc062723c751e8b465ee728b)  -> (artifact id: 'a2538e1cb1fc6cbfb18368825837650c') in 0.023331 seconds
  Import took 0.029212 seconds .

========================================================================
Received Import Request.
  Time since last request: 0.009699 seconds.
  path: Assets/Prefabs/playership.prefab
  artifactKey: Guid(653477c52506fdd45829cbe26b9c9c52) Importer(815301076,1909f56bfc062723c751e8b465ee728b)
Start importing Assets/Prefabs/playership.prefab using Guid(653477c52506fdd45829cbe26b9c9c52) Importer(815301076,1909f56bfc062723c751e8b465ee728b)  -> (artifact id: 'a2538e1cb1fc6cbfb18368825837650c') in 0.026201 seconds
  Import took 0.031606 seconds .

========================================================================
Received Import Request.
  Time since last request: 65.010751 seconds.
  path: Assets/Scripts/bodyDamage.cs
  artifactKey: Guid(6320e43c0d6e5e84abf4b35f697d4e38) Importer(815301076,1909f56bfc062723c751e8b465ee728b)
Start importing Assets/Scripts/bodyDamage.cs using Guid(6320e43c0d6e5e84abf4b35f697d4e38) Importer(815301076,1909f56bfc062723c751e8b465ee728b)  -> (artifact id: 'fd0be5f27c88cc2f52233d7b82d182d7') in 0.011650 seconds
  Import took 0.038450 seconds .

AssetImportWorkerClient::OnTransportError - code=2 error=End of file
