Using pre-set license
Built from '2020.3/staging' branch; Version is '2020.3.5f1 (8095aa901b9b) revision 8426922'; Using compiler version '192528614'; Build Type 'Release'
OS: 'Windows 10 Home Single Language; OS build 19042.928; Version 2009; 64bit' Language: 'en' Physical Memory: 8036 MB
BatchMode: 1, IsHumanControllingUs: 0, StartBugReporterOnCrash: 0, Is64bit: 1, IsPro: 0

 COMMAND LINE ARGUMENTS:
C:\Program Files\Unity\Hub\Editor\2018.4.24f1\Editor\Unity.exe
-adb2
-batchMode
-noUpm
-name
AssetImportWorker0
-projectPath
C:/Users/vedan/Desktop/Game/scape/space shooter
-logFile
Logs/AssetImportWorker0.log
-srvPort
2072
Successfully changed project path to: C:/Users/vedan/Desktop/Game/scape/space shooter
C:/Users/vedan/Desktop/Game/scape/space shooter
Using Asset Import Pipeline V2.
Refreshing native plugins compatible for Editor in 51.91 ms, found 0 plugins.
Preloading 0 native plugins for Editor in 0.00 ms.
Initialize engine version: 2020.3.5f1 (8095aa901b9b)
[Subsystems] Discovering subsystems at path C:/Program Files/Unity/Hub/Editor/2018.4.24f1/Editor/Data/Resources/UnitySubsystems
[Subsystems] Discovering subsystems at path C:/Users/vedan/Desktop/Game/scape/space shooter/Assets
GfxDevice: creating device client; threaded=0
Direct3D:
    Version:  Direct3D 11.0 [level 11.1]
    Renderer: NVIDIA GeForce GTX 1050 (ID=0x1c8d)
    Vendor:   
    VRAM:     4021 MB
    Driver:   26.21.14.4587
Initialize mono
Mono path[0] = 'C:/Program Files/Unity/Hub/Editor/2018.4.24f1/Editor/Data/Managed'
Mono path[1] = 'C:/Program Files/Unity/Hub/Editor/2018.4.24f1/Editor/Data/MonoBleedingEdge/lib/mono/unityjit'
Mono config path = 'C:/Program Files/Unity/Hub/Editor/2018.4.24f1/Editor/Data/MonoBleedingEdge/etc'
Using monoOptions --debugger-agent=transport=dt_socket,embedding=1,server=y,suspend=n,address=127.0.0.1:56808
Begin MonoManager ReloadAssembly
Registering precompiled unity dll's ...
Register platform support module: C:/Program Files/Unity/Hub/Editor/2018.4.24f1/Editor/Data/PlaybackEngines/WindowsStandaloneSupport/UnityEditor.WindowsStandalone.Extensions.dll
Registered in 0.002683 seconds.
Native extension for WindowsStandalone target not found
Refreshing native plugins compatible for Editor in 69.37 ms, found 0 plugins.
Preloading 0 native plugins for Editor in 0.00 ms.
Mono: successfully reloaded assembly
- Completed reload, in  1.861 seconds
Platform modules already initialized, skipping
Registering precompiled user dll's ...
Registered in 0.004014 seconds.
Begin MonoManager ReloadAssembly
Native extension for WindowsStandalone target not found
Refreshing native plugins compatible for Editor in 0.60 ms, found 0 plugins.
Preloading 0 native plugins for Editor in 0.00 ms.
Mono: successfully reloaded assembly
- Completed reload, in  1.562 seconds
Platform modules already initialized, skipping
========================================================================
Worker process is ready to serve import requests
Launched and connected shader compiler UnityShaderCompiler.exe after 0.30 seconds
Refreshing native plugins compatible for Editor in 0.61 ms, found 0 plugins.
Preloading 0 native plugins for Editor in 0.00 ms.
Unloading 1423 Unused Serialized files (Serialized files now loaded: 0)
System memory in use before: 65.0 MB.
System memory in use after: 65.1 MB.

Unloading 33 unused Assets to reduce memory usage. Loaded Objects now: 1851.
Total: 2.462000 ms (FindLiveObjects: 0.237500 ms CreateObjectMapping: 0.112000 ms MarkObjects: 2.007400 ms  DeleteObjects: 0.103800 ms)

========================================================================
Received Import Request.
  path: Assets/Prefabs/playership.prefab
  artifactKey: Guid(653477c52506fdd45829cbe26b9c9c52) Importer(815301076,1909f56bfc062723c751e8b465ee728b)
Start importing Assets/Prefabs/playership.prefab using Guid(653477c52506fdd45829cbe26b9c9c52) Importer(815301076,1909f56bfc062723c751e8b465ee728b)  -> (artifact id: 'ec6c09bcc7fbc200bcb6aad8b1590857') in 0.692403 seconds
  Import took 0.701829 seconds .

========================================================================
Received Prepare
Registering precompiled user dll's ...
Registered in 0.002632 seconds.
Begin MonoManager ReloadAssembly
Native extension for WindowsStandalone target not found
Refreshing native plugins compatible for Editor in 0.92 ms, found 0 plugins.
Preloading 0 native plugins for Editor in 0.00 ms.
Mono: successfully reloaded assembly
- Completed reload, in  0.948 seconds
Platform modules already initialized, skipping
Refreshing native plugins compatible for Editor in 0.42 ms, found 0 plugins.
Preloading 0 native plugins for Editor in 0.00 ms.
Unloading 1417 Unused Serialized files (Serialized files now loaded: 0)
System memory in use before: 68.0 MB.
System memory in use after: 68.1 MB.

Unloading 24 unused Assets to reduce memory usage. Loaded Objects now: 1861.
Total: 1.765400 ms (FindLiveObjects: 0.158100 ms CreateObjectMapping: 0.044300 ms MarkObjects: 1.546100 ms  DeleteObjects: 0.015600 ms)

========================================================================
Received Prepare
Registering precompiled user dll's ...
Registered in 0.002988 seconds.
Begin MonoManager ReloadAssembly
Native extension for WindowsStandalone target not found
Refreshing native plugins compatible for Editor in 0.70 ms, found 0 plugins.
Preloading 0 native plugins for Editor in 0.00 ms.
Mono: successfully reloaded assembly
- Completed reload, in  1.471 seconds
Platform modules already initialized, skipping
Refreshing native plugins compatible for Editor in 0.57 ms, found 0 plugins.
Preloading 0 native plugins for Editor in 0.00 ms.
Unloading 1417 Unused Serialized files (Serialized files now loaded: 0)
System memory in use before: 68.0 MB.
System memory in use after: 68.1 MB.

Unloading 24 unused Assets to reduce memory usage. Loaded Objects now: 1864.
Total: 3.229200 ms (FindLiveObjects: 0.431700 ms CreateObjectMapping: 0.171400 ms MarkObjects: 2.593300 ms  DeleteObjects: 0.030300 ms)

========================================================================
Received Prepare
Registering precompiled user dll's ...
Registered in 0.002380 seconds.
Begin MonoManager ReloadAssembly
Native extension for WindowsStandalone target not found
Refreshing native plugins compatible for Editor in 0.36 ms, found 0 plugins.
Preloading 0 native plugins for Editor in 0.00 ms.
Mono: successfully reloaded assembly
- Completed reload, in  0.966 seconds
Platform modules already initialized, skipping
Refreshing native plugins compatible for Editor in 0.40 ms, found 0 plugins.
Preloading 0 native plugins for Editor in 0.00 ms.
Unloading 1417 Unused Serialized files (Serialized files now loaded: 0)
System memory in use before: 68.0 MB.
System memory in use after: 68.1 MB.

Unloading 24 unused Assets to reduce memory usage. Loaded Objects now: 1867.
Total: 3.478200 ms (FindLiveObjects: 0.324100 ms CreateObjectMapping: 0.101200 ms MarkObjects: 3.003000 ms  DeleteObjects: 0.047600 ms)

========================================================================
Received Prepare
Registering precompiled user dll's ...
Registered in 0.002495 seconds.
Begin MonoManager ReloadAssembly
Native extension for WindowsStandalone target not found
Refreshing native plugins compatible for Editor in 0.45 ms, found 0 plugins.
Preloading 0 native plugins for Editor in 0.00 ms.
Mono: successfully reloaded assembly
- Completed reload, in  1.088 seconds
Platform modules already initialized, skipping
Refreshing native plugins compatible for Editor in 0.42 ms, found 0 plugins.
Preloading 0 native plugins for Editor in 0.00 ms.
Unloading 1417 Unused Serialized files (Serialized files now loaded: 0)
System memory in use before: 68.1 MB.
System memory in use after: 68.2 MB.

Unloading 24 unused Assets to reduce memory usage. Loaded Objects now: 1870.
Total: 1.894500 ms (FindLiveObjects: 0.250900 ms CreateObjectMapping: 0.058900 ms MarkObjects: 1.557200 ms  DeleteObjects: 0.025200 ms)

========================================================================
Received Prepare
Registering precompiled user dll's ...
Registered in 0.002544 seconds.
Begin MonoManager ReloadAssembly
Native extension for WindowsStandalone target not found
Refreshing native plugins compatible for Editor in 0.90 ms, found 0 plugins.
Preloading 0 native plugins for Editor in 0.00 ms.
Mono: successfully reloaded assembly
- Completed reload, in  1.074 seconds
Platform modules already initialized, skipping
Refreshing native plugins compatible for Editor in 0.46 ms, found 0 plugins.
Preloading 0 native plugins for Editor in 0.00 ms.
Unloading 1417 Unused Serialized files (Serialized files now loaded: 0)
System memory in use before: 68.1 MB.
System memory in use after: 68.2 MB.

Unloading 24 unused Assets to reduce memory usage. Loaded Objects now: 1873.
Total: 1.960800 ms (FindLiveObjects: 0.223700 ms CreateObjectMapping: 0.060300 ms MarkObjects: 1.654500 ms  DeleteObjects: 0.021300 ms)

========================================================================
Received Prepare
Registering precompiled user dll's ...
Registered in 0.002303 seconds.
Begin MonoManager ReloadAssembly
Native extension for WindowsStandalone target not found
Refreshing native plugins compatible for Editor in 0.48 ms, found 0 plugins.
Preloading 0 native plugins for Editor in 0.00 ms.
Mono: successfully reloaded assembly
- Completed reload, in  1.102 seconds
Platform modules already initialized, skipping
Refreshing native plugins compatible for Editor in 0.45 ms, found 0 plugins.
Preloading 0 native plugins for Editor in 0.00 ms.
Unloading 1417 Unused Serialized files (Serialized files now loaded: 0)
System memory in use before: 68.1 MB.
System memory in use after: 68.2 MB.

Unloading 24 unused Assets to reduce memory usage. Loaded Objects now: 1876.
Total: 2.231400 ms (FindLiveObjects: 0.203500 ms CreateObjectMapping: 0.051500 ms MarkObjects: 1.952400 ms  DeleteObjects: 0.023200 ms)

========================================================================
Received Prepare
Registering precompiled user dll's ...
Registered in 0.002527 seconds.
Begin MonoManager ReloadAssembly
Native extension for WindowsStandalone target not found
Refreshing native plugins compatible for Editor in 0.48 ms, found 0 plugins.
Preloading 0 native plugins for Editor in 0.00 ms.
Mono: successfully reloaded assembly
- Completed reload, in  1.347 seconds
Platform modules already initialized, skipping
Refreshing native plugins compatible for Editor in 0.61 ms, found 0 plugins.
Preloading 0 native plugins for Editor in 0.00 ms.
Unloading 1417 Unused Serialized files (Serialized files now loaded: 0)
System memory in use before: 68.1 MB.
System memory in use after: 68.2 MB.

Unloading 24 unused Assets to reduce memory usage. Loaded Objects now: 1879.
Total: 2.444400 ms (FindLiveObjects: 0.327300 ms CreateObjectMapping: 0.128200 ms MarkObjects: 1.963500 ms  DeleteObjects: 0.022900 ms)

========================================================================
Received Prepare
Registering precompiled user dll's ...
Registered in 0.003120 seconds.
Begin MonoManager ReloadAssembly
Native extension for WindowsStandalone target not found
Refreshing native plugins compatible for Editor in 0.56 ms, found 0 plugins.
Preloading 0 native plugins for Editor in 0.00 ms.
Mono: successfully reloaded assembly
- Completed reload, in  1.573 seconds
Platform modules already initialized, skipping
Refreshing native plugins compatible for Editor in 0.53 ms, found 0 plugins.
Preloading 0 native plugins for Editor in 0.00 ms.
Unloading 1417 Unused Serialized files (Serialized files now loaded: 0)
System memory in use before: 68.1 MB.
System memory in use after: 68.2 MB.

Unloading 24 unused Assets to reduce memory usage. Loaded Objects now: 1882.
Total: 4.374600 ms (FindLiveObjects: 0.205600 ms CreateObjectMapping: 0.086400 ms MarkObjects: 4.026200 ms  DeleteObjects: 0.054500 ms)

========================================================================
Received Prepare
Registering precompiled user dll's ...
Registered in 0.002660 seconds.
Begin MonoManager ReloadAssembly
Native extension for WindowsStandalone target not found
Refreshing native plugins compatible for Editor in 0.42 ms, found 0 plugins.
Preloading 0 native plugins for Editor in 0.00 ms.
Mono: successfully reloaded assembly
- Completed reload, in  1.012 seconds
Platform modules already initialized, skipping
Refreshing native plugins compatible for Editor in 0.42 ms, found 0 plugins.
Preloading 0 native plugins for Editor in 0.00 ms.
Unloading 1417 Unused Serialized files (Serialized files now loaded: 0)
System memory in use before: 68.1 MB.
System memory in use after: 68.2 MB.

Unloading 24 unused Assets to reduce memory usage. Loaded Objects now: 1885.
Total: 2.237000 ms (FindLiveObjects: 0.331100 ms CreateObjectMapping: 0.085500 ms MarkObjects: 1.796900 ms  DeleteObjects: 0.022500 ms)

========================================================================
Received Prepare
Registering precompiled user dll's ...
Registered in 0.002182 seconds.
Begin MonoManager ReloadAssembly
Native extension for WindowsStandalone target not found
Refreshing native plugins compatible for Editor in 0.57 ms, found 0 plugins.
Preloading 0 native plugins for Editor in 0.00 ms.
Mono: successfully reloaded assembly
- Completed reload, in  0.961 seconds
Platform modules already initialized, skipping
Refreshing native plugins compatible for Editor in 0.39 ms, found 0 plugins.
Preloading 0 native plugins for Editor in 0.00 ms.
Unloading 1417 Unused Serialized files (Serialized files now loaded: 0)
System memory in use before: 68.1 MB.
System memory in use after: 68.2 MB.

Unloading 24 unused Assets to reduce memory usage. Loaded Objects now: 1888.
Total: 2.134600 ms (FindLiveObjects: 0.333400 ms CreateObjectMapping: 0.132900 ms MarkObjects: 1.645200 ms  DeleteObjects: 0.021300 ms)

========================================================================
Received Prepare
Registering precompiled user dll's ...
Registered in 0.002366 seconds.
Begin MonoManager ReloadAssembly
Native extension for WindowsStandalone target not found
Refreshing native plugins compatible for Editor in 0.46 ms, found 0 plugins.
Preloading 0 native plugins for Editor in 0.00 ms.
Mono: successfully reloaded assembly
- Completed reload, in  1.105 seconds
Platform modules already initialized, skipping
Refreshing native plugins compatible for Editor in 0.92 ms, found 0 plugins.
Preloading 0 native plugins for Editor in 0.00 ms.
Unloading 1417 Unused Serialized files (Serialized files now loaded: 0)
System memory in use before: 68.1 MB.
System memory in use after: 68.2 MB.

Unloading 24 unused Assets to reduce memory usage. Loaded Objects now: 1891.
Total: 2.352100 ms (FindLiveObjects: 0.296100 ms CreateObjectMapping: 0.087700 ms MarkObjects: 1.936000 ms  DeleteObjects: 0.030400 ms)

========================================================================
Received Prepare
Registering precompiled user dll's ...
Registered in 0.002288 seconds.
Begin MonoManager ReloadAssembly
Native extension for WindowsStandalone target not found
Refreshing native plugins compatible for Editor in 0.79 ms, found 0 plugins.
Preloading 0 native plugins for Editor in 0.00 ms.
Mono: successfully reloaded assembly
- Completed reload, in  1.228 seconds
Platform modules already initialized, skipping
Refreshing native plugins compatible for Editor in 0.68 ms, found 0 plugins.
Preloading 0 native plugins for Editor in 0.00 ms.
Unloading 1417 Unused Serialized files (Serialized files now loaded: 0)
System memory in use before: 68.1 MB.
System memory in use after: 68.2 MB.

Unloading 24 unused Assets to reduce memory usage. Loaded Objects now: 1894.
Total: 4.705600 ms (FindLiveObjects: 0.335600 ms CreateObjectMapping: 0.152600 ms MarkObjects: 4.168000 ms  DeleteObjects: 0.046700 ms)

========================================================================
Received Prepare
Registering precompiled user dll's ...
Registered in 0.002784 seconds.
Begin MonoManager ReloadAssembly
Native extension for WindowsStandalone target not found
Refreshing native plugins compatible for Editor in 1.03 ms, found 0 plugins.
Preloading 0 native plugins for Editor in 0.00 ms.
Mono: successfully reloaded assembly
- Completed reload, in  1.547 seconds
Platform modules already initialized, skipping
Refreshing native plugins compatible for Editor in 0.45 ms, found 0 plugins.
Preloading 0 native plugins for Editor in 0.00 ms.
Unloading 1417 Unused Serialized files (Serialized files now loaded: 0)
System memory in use before: 68.1 MB.
System memory in use after: 68.2 MB.

Unloading 24 unused Assets to reduce memory usage. Loaded Objects now: 1897.
Total: 2.283200 ms (FindLiveObjects: 0.194300 ms CreateObjectMapping: 0.052600 ms MarkObjects: 2.011300 ms  DeleteObjects: 0.023100 ms)

========================================================================
Received Prepare
Registering precompiled user dll's ...
Registered in 0.002294 seconds.
Begin MonoManager ReloadAssembly
Native extension for WindowsStandalone target not found
Refreshing native plugins compatible for Editor in 0.44 ms, found 0 plugins.
Preloading 0 native plugins for Editor in 0.00 ms.
Mono: successfully reloaded assembly
- Completed reload, in  1.127 seconds
Platform modules already initialized, skipping
Refreshing native plugins compatible for Editor in 0.60 ms, found 0 plugins.
Preloading 0 native plugins for Editor in 0.00 ms.
Unloading 1417 Unused Serialized files (Serialized files now loaded: 0)
System memory in use before: 68.1 MB.
System memory in use after: 68.2 MB.

Unloading 24 unused Assets to reduce memory usage. Loaded Objects now: 1900.
Total: 3.400200 ms (FindLiveObjects: 0.392400 ms CreateObjectMapping: 0.126200 ms MarkObjects: 2.843800 ms  DeleteObjects: 0.035800 ms)

========================================================================
Received Prepare
Registering precompiled user dll's ...
Registered in 0.003625 seconds.
Begin MonoManager ReloadAssembly
Native extension for WindowsStandalone target not found
Refreshing native plugins compatible for Editor in 0.69 ms, found 0 plugins.
Preloading 0 native plugins for Editor in 0.00 ms.
Mono: successfully reloaded assembly
- Completed reload, in  1.486 seconds
Platform modules already initialized, skipping
Refreshing native plugins compatible for Editor in 0.85 ms, found 0 plugins.
Preloading 0 native plugins for Editor in 0.00 ms.
Unloading 1417 Unused Serialized files (Serialized files now loaded: 0)
System memory in use before: 68.1 MB.
System memory in use after: 68.2 MB.

Unloading 24 unused Assets to reduce memory usage. Loaded Objects now: 1903.
Total: 2.671000 ms (FindLiveObjects: 0.540300 ms CreateObjectMapping: 0.151700 ms MarkObjects: 1.947200 ms  DeleteObjects: 0.030500 ms)

========================================================================
Received Prepare
Registering precompiled user dll's ...
Registered in 0.004199 seconds.
Begin MonoManager ReloadAssembly
Native extension for WindowsStandalone target not found
Refreshing native plugins compatible for Editor in 0.52 ms, found 0 plugins.
Preloading 0 native plugins for Editor in 0.00 ms.
Mono: successfully reloaded assembly
- Completed reload, in  1.320 seconds
Platform modules already initialized, skipping
Refreshing native plugins compatible for Editor in 0.39 ms, found 0 plugins.
Preloading 0 native plugins for Editor in 0.00 ms.
Unloading 1417 Unused Serialized files (Serialized files now loaded: 0)
System memory in use before: 68.1 MB.
System memory in use after: 68.2 MB.

Unloading 24 unused Assets to reduce memory usage. Loaded Objects now: 1906.
Total: 2.399600 ms (FindLiveObjects: 0.349400 ms CreateObjectMapping: 0.110300 ms MarkObjects: 1.916500 ms  DeleteObjects: 0.021000 ms)

========================================================================
Received Prepare
Registering precompiled user dll's ...
Registered in 0.003288 seconds.
Begin MonoManager ReloadAssembly
Native extension for WindowsStandalone target not found
Refreshing native plugins compatible for Editor in 1.11 ms, found 0 plugins.
Preloading 0 native plugins for Editor in 0.00 ms.
Mono: successfully reloaded assembly
- Completed reload, in  1.607 seconds
Platform modules already initialized, skipping
Refreshing native plugins compatible for Editor in 0.58 ms, found 0 plugins.
Preloading 0 native plugins for Editor in 0.00 ms.
Unloading 1417 Unused Serialized files (Serialized files now loaded: 0)
System memory in use before: 68.1 MB.
System memory in use after: 68.2 MB.

Unloading 24 unused Assets to reduce memory usage. Loaded Objects now: 1909.
Total: 3.230700 ms (FindLiveObjects: 0.495000 ms CreateObjectMapping: 0.085500 ms MarkObjects: 2.617600 ms  DeleteObjects: 0.030700 ms)

========================================================================
Received Prepare
Registering precompiled user dll's ...
Registered in 0.003537 seconds.
Begin MonoManager ReloadAssembly
Native extension for WindowsStandalone target not found
Refreshing native plugins compatible for Editor in 0.51 ms, found 0 plugins.
Preloading 0 native plugins for Editor in 0.00 ms.
Mono: successfully reloaded assembly
- Completed reload, in  1.384 seconds
Platform modules already initialized, skipping
Refreshing native plugins compatible for Editor in 0.61 ms, found 0 plugins.
Preloading 0 native plugins for Editor in 0.00 ms.
Unloading 1417 Unused Serialized files (Serialized files now loaded: 0)
System memory in use before: 68.1 MB.
System memory in use after: 68.2 MB.

Unloading 24 unused Assets to reduce memory usage. Loaded Objects now: 1912.
Total: 2.429700 ms (FindLiveObjects: 0.267800 ms CreateObjectMapping: 0.046400 ms MarkObjects: 2.086700 ms  DeleteObjects: 0.027000 ms)

========================================================================
Received Import Request.
  Time since last request: 1287.776439 seconds.
  path: Assets/Prefabs/playership.prefab
  artifactKey: Guid(653477c52506fdd45829cbe26b9c9c52) Importer(815301076,1909f56bfc062723c751e8b465ee728b)
Start importing Assets/Prefabs/playership.prefab using Guid(653477c52506fdd45829cbe26b9c9c52) Importer(815301076,1909f56bfc062723c751e8b465ee728b)  -> (artifact id: 'b1cdd14add7db1c588eb2ae688ed3fd9') in 0.103065 seconds
  Import took 0.132809 seconds .

========================================================================
Received Prepare
Registering precompiled user dll's ...
Registered in 0.003877 seconds.
Begin MonoManager ReloadAssembly
Native extension for WindowsStandalone target not found
Refreshing native plugins compatible for Editor in 0.70 ms, found 0 plugins.
Preloading 0 native plugins for Editor in 0.00 ms.
Mono: successfully reloaded assembly
- Completed reload, in  1.604 seconds
Platform modules already initialized, skipping
Refreshing native plugins compatible for Editor in 0.79 ms, found 0 plugins.
Preloading 0 native plugins for Editor in 0.00 ms.
Unloading 1417 Unused Serialized files (Serialized files now loaded: 0)
System memory in use before: 68.2 MB.
System memory in use after: 68.3 MB.

Unloading 24 unused Assets to reduce memory usage. Loaded Objects now: 1916.
Total: 3.336100 ms (FindLiveObjects: 0.321600 ms CreateObjectMapping: 0.099100 ms MarkObjects: 2.870700 ms  DeleteObjects: 0.042600 ms)

========================================================================
Received Prepare
Registering precompiled user dll's ...
Registered in 0.004052 seconds.
Begin MonoManager ReloadAssembly
Native extension for WindowsStandalone target not found
Refreshing native plugins compatible for Editor in 1.24 ms, found 0 plugins.
Preloading 0 native plugins for Editor in 0.00 ms.
Mono: successfully reloaded assembly
- Completed reload, in  1.760 seconds
Platform modules already initialized, skipping
Refreshing native plugins compatible for Editor in 1.89 ms, found 0 plugins.
Preloading 0 native plugins for Editor in 0.00 ms.
Unloading 1417 Unused Serialized files (Serialized files now loaded: 0)
System memory in use before: 68.2 MB.
System memory in use after: 68.3 MB.

Unloading 24 unused Assets to reduce memory usage. Loaded Objects now: 1919.
Total: 8.059900 ms (FindLiveObjects: 0.640800 ms CreateObjectMapping: 0.253600 ms MarkObjects: 7.017300 ms  DeleteObjects: 0.145300 ms)

========================================================================
Received Prepare
Registering precompiled user dll's ...
Registered in 0.003613 seconds.
Begin MonoManager ReloadAssembly
Native extension for WindowsStandalone target not found
Refreshing native plugins compatible for Editor in 0.56 ms, found 0 plugins.
Preloading 0 native plugins for Editor in 0.00 ms.
Mono: successfully reloaded assembly
- Completed reload, in  1.908 seconds
Platform modules already initialized, skipping
Refreshing native plugins compatible for Editor in 1.31 ms, found 0 plugins.
Preloading 0 native plugins for Editor in 0.00 ms.
Unloading 1417 Unused Serialized files (Serialized files now loaded: 0)
System memory in use before: 68.2 MB.
System memory in use after: 68.3 MB.

Unloading 24 unused Assets to reduce memory usage. Loaded Objects now: 1922.
Total: 4.996200 ms (FindLiveObjects: 0.296100 ms CreateObjectMapping: 0.091500 ms MarkObjects: 4.572700 ms  DeleteObjects: 0.033200 ms)

========================================================================
Received Import Request.
  Time since last request: 567.602310 seconds.
  path: Assets/Scenes/menu.unity
  artifactKey: Guid(d742daba816eef24e934529f40db0469) Importer(815301076,1909f56bfc062723c751e8b465ee728b)
Start importing Assets/Scenes/menu.unity using Guid(d742daba816eef24e934529f40db0469) Importer(815301076,1909f56bfc062723c751e8b465ee728b)  -> (artifact id: 'a119a686f1b35a29411a90e5d48c56b7') in 0.035660 seconds
  Import took 0.063485 seconds .

========================================================================
Received Import Request.
  Time since last request: 7.651395 seconds.
  path: Assets/Scenes/SampleScene.unity
  artifactKey: Guid(e39bb665877b8b146829a7bbbd0e2e55) Importer(815301076,1909f56bfc062723c751e8b465ee728b)
Start importing Assets/Scenes/SampleScene.unity using Guid(e39bb665877b8b146829a7bbbd0e2e55) Importer(815301076,1909f56bfc062723c751e8b465ee728b)  -> (artifact id: '585d1dd37e19ad1edd6458dcea446369') in 0.069508 seconds
  Import took 0.090012 seconds .

========================================================================
Received Import Request.
  Time since last request: 6.120799 seconds.
  path: Assets/Scenes/Game.unity
  artifactKey: Guid(e39bb665877b8b146829a7bbbd0e2e55) Importer(815301076,1909f56bfc062723c751e8b465ee728b)
Start importing Assets/Scenes/Game.unity using Guid(e39bb665877b8b146829a7bbbd0e2e55) Importer(815301076,1909f56bfc062723c751e8b465ee728b)  -> (artifact id: '57923fb2180bdd1782a4b6d023fd7915') in 0.148740 seconds
  Import took 0.195776 seconds .

========================================================================
Received Prepare
Registering precompiled user dll's ...
Registered in 0.345170 seconds.
Begin MonoManager ReloadAssembly
Native extension for WindowsStandalone target not found
Refreshing native plugins compatible for Editor in 1.65 ms, found 0 plugins.
Preloading 0 native plugins for Editor in 0.00 ms.
Mono: successfully reloaded assembly
- Completed reload, in  5.395 seconds
Platform modules already initialized, skipping
Refreshing native plugins compatible for Editor in 1.41 ms, found 0 plugins.
Preloading 0 native plugins for Editor in 0.00 ms.
Unloading 1418 Unused Serialized files (Serialized files now loaded: 0)
System memory in use before: 68.2 MB.
System memory in use after: 68.3 MB.

Unloading 24 unused Assets to reduce memory usage. Loaded Objects now: 1926.
Total: 6.979500 ms (FindLiveObjects: 0.752400 ms CreateObjectMapping: 0.317800 ms MarkObjects: 5.865200 ms  DeleteObjects: 0.041500 ms)

========================================================================
Received Import Request.
  Time since last request: 563.480070 seconds.
  path: Packages/com.unity.textmeshpro/package.json
  artifactKey: Guid(220e9325710f4235a43492dd1ee4980d) Importer(815301076,1909f56bfc062723c751e8b465ee728b)
Start importing Packages/com.unity.textmeshpro/package.json using Guid(220e9325710f4235a43492dd1ee4980d) Importer(815301076,1909f56bfc062723c751e8b465ee728b)  -> (artifact id: 'adc9a112be65de70a93f7d8ead1549d4') in 0.199272 seconds
  Import took 0.204300 seconds .

========================================================================
Received Prepare
Registering precompiled user dll's ...
Registered in 0.015766 seconds.
Begin MonoManager ReloadAssembly
Native extension for WindowsStandalone target not found
Refreshing native plugins compatible for Editor in 0.99 ms, found 0 plugins.
Preloading 0 native plugins for Editor in 0.00 ms.
Mono: successfully reloaded assembly
- Completed reload, in  5.304 seconds
Platform modules already initialized, skipping
Refreshing native plugins compatible for Editor in 2.12 ms, found 0 plugins.
Preloading 0 native plugins for Editor in 0.00 ms.
Unloading 1465 Unused Serialized files (Serialized files now loaded: 0)
System memory in use before: 71.4 MB.
System memory in use after: 70.8 MB.

Unloading 37 unused Assets to reduce memory usage. Loaded Objects now: 1963.
Total: 13.854200 ms (FindLiveObjects: 0.790400 ms CreateObjectMapping: 0.239900 ms MarkObjects: 10.582400 ms  DeleteObjects: 2.238900 ms)

========================================================================
Received Import Request.
  Time since last request: 109.415530 seconds.
  path: Assets/TextMesh Pro/Resources/Fonts & Materials/LiberationSans SDF - Drop Shadow.mat
  artifactKey: Guid(e73a58f6e2794ae7b1b7e50b7fb811b0) Importer(815301076,1909f56bfc062723c751e8b465ee728b)
Start importing Assets/TextMesh Pro/Resources/Fonts & Materials/LiberationSans SDF - Drop Shadow.mat using Guid(e73a58f6e2794ae7b1b7e50b7fb811b0) Importer(815301076,1909f56bfc062723c751e8b465ee728b)  -> (artifact id: 'c929e802034d2b4b6bd7f2a4c02fe330') in 0.864354 seconds
  Import took 0.870938 seconds .

========================================================================
Received Import Request.
  Time since last request: 0.000750 seconds.
  path: Assets/TextMesh Pro/Resources/Fonts & Materials/LiberationSans SDF - Outline.mat
  artifactKey: Guid(79459efec17a4d00a321bdcc27bbc385) Importer(815301076,1909f56bfc062723c751e8b465ee728b)
Start importing Assets/TextMesh Pro/Resources/Fonts & Materials/LiberationSans SDF - Outline.mat using Guid(79459efec17a4d00a321bdcc27bbc385) Importer(815301076,1909f56bfc062723c751e8b465ee728b)  -> (artifact id: '3789fcd9ef3159500c31a405e75f7223') in 0.234008 seconds
  Import took 0.240548 seconds .

========================================================================
Received Import Request.
  Time since last request: 0.000959 seconds.
  path: Assets/TextMesh Pro/Resources/Fonts & Materials/LiberationSans SDF - Fallback.asset
  artifactKey: Guid(2e498d1c8094910479dc3e1b768306a4) Importer(815301076,1909f56bfc062723c751e8b465ee728b)
Start importing Assets/TextMesh Pro/Resources/Fonts & Materials/LiberationSans SDF - Fallback.asset using Guid(2e498d1c8094910479dc3e1b768306a4) Importer(815301076,1909f56bfc062723c751e8b465ee728b)  -> (artifact id: 'a68ff2956456a13c7360456b995fef68') in 0.230772 seconds
  Import took 0.237169 seconds .

========================================================================
Received Import Request.
  Time since last request: 0.000806 seconds.
  path: Assets/TextMesh Pro/Resources/Fonts & Materials/LiberationSans SDF.asset
  artifactKey: Guid(8f586378b4e144a9851e7b34d9b748ee) Importer(815301076,1909f56bfc062723c751e8b465ee728b)
Start importing Assets/TextMesh Pro/Resources/Fonts & Materials/LiberationSans SDF.asset using Guid(8f586378b4e144a9851e7b34d9b748ee) Importer(815301076,1909f56bfc062723c751e8b465ee728b)  -> (artifact id: '8a99cc360955589cf887006e25bcd276') in 0.132120 seconds
  Import took 0.141796 seconds .

========================================================================
Received Import Request.
  Time since last request: 0.000850 seconds.
  path: Assets/TextMesh Pro/Resources/Fonts & Materials/LiberationSans SDF - Fallback.asset
  artifactKey: Guid(2e498d1c8094910479dc3e1b768306a4) Importer(815301076,1909f56bfc062723c751e8b465ee728b)
Start importing Assets/TextMesh Pro/Resources/Fonts & Materials/LiberationSans SDF - Fallback.asset using Guid(2e498d1c8094910479dc3e1b768306a4) Importer(815301076,1909f56bfc062723c751e8b465ee728b)  -> (artifact id: 'a68ff2956456a13c7360456b995fef68') in 0.065244 seconds
  Import took 0.073516 seconds .

========================================================================
Received Import Request.
  Time since last request: 0.000955 seconds.
  path: Assets/TextMesh Pro/Resources/Fonts & Materials/LiberationSans SDF.asset
  artifactKey: Guid(8f586378b4e144a9851e7b34d9b748ee) Importer(815301076,1909f56bfc062723c751e8b465ee728b)
Start importing Assets/TextMesh Pro/Resources/Fonts & Materials/LiberationSans SDF.asset using Guid(8f586378b4e144a9851e7b34d9b748ee) Importer(815301076,1909f56bfc062723c751e8b465ee728b)  -> (artifact id: '8a99cc360955589cf887006e25bcd276') in 0.101206 seconds
  Import took 0.110449 seconds .

========================================================================
Received Prepare
Registering precompiled user dll's ...
Registered in 0.003001 seconds.
Begin MonoManager ReloadAssembly
Native extension for WindowsStandalone target not found
Refreshing native plugins compatible for Editor in 0.52 ms, found 0 plugins.
Preloading 0 native plugins for Editor in 0.00 ms.
Mono: successfully reloaded assembly
- Completed reload, in  1.310 seconds
Platform modules already initialized, skipping
Refreshing native plugins compatible for Editor in 0.54 ms, found 0 plugins.
Preloading 0 native plugins for Editor in 0.00 ms.
Unloading 1465 Unused Serialized files (Serialized files now loaded: 0)
System memory in use before: 71.7 MB.
System memory in use after: 71.2 MB.

Unloading 36 unused Assets to reduce memory usage. Loaded Objects now: 2004.
Total: 2.954400 ms (FindLiveObjects: 0.219900 ms CreateObjectMapping: 0.056100 ms MarkObjects: 2.262500 ms  DeleteObjects: 0.413900 ms)

========================================================================
Received Prepare
Registering precompiled user dll's ...
Registered in 0.016104 seconds.
Begin MonoManager ReloadAssembly
Native extension for WindowsStandalone target not found
Refreshing native plugins compatible for Editor in 2.53 ms, found 0 plugins.
Preloading 0 native plugins for Editor in 0.00 ms.
Mono: successfully reloaded assembly
- Completed reload, in  8.680 seconds
Platform modules already initialized, skipping
Refreshing native plugins compatible for Editor in 3.25 ms, found 0 plugins.
Preloading 0 native plugins for Editor in 0.00 ms.
Unloading 1464 Unused Serialized files (Serialized files now loaded: 0)
System memory in use before: 71.6 MB.
System memory in use after: 71.1 MB.

Unloading 36 unused Assets to reduce memory usage. Loaded Objects now: 2007.
Total: 14.193300 ms (FindLiveObjects: 1.099900 ms CreateObjectMapping: 0.287100 ms MarkObjects: 10.549200 ms  DeleteObjects: 2.250400 ms)

========================================================================
Received Prepare
Registering precompiled user dll's ...
Registered in 0.089474 seconds.
Begin MonoManager ReloadAssembly
Native extension for WindowsStandalone target not found
Refreshing native plugins compatible for Editor in 2.95 ms, found 0 plugins.
Preloading 0 native plugins for Editor in 0.00 ms.
Mono: successfully reloaded assembly
- Completed reload, in  7.801 seconds
Platform modules already initialized, skipping
Refreshing native plugins compatible for Editor in 2.39 ms, found 0 plugins.
Preloading 0 native plugins for Editor in 0.00 ms.
Unloading 1464 Unused Serialized files (Serialized files now loaded: 0)
System memory in use before: 71.6 MB.
System memory in use after: 71.1 MB.

Unloading 36 unused Assets to reduce memory usage. Loaded Objects now: 2010.
Total: 12.652400 ms (FindLiveObjects: 1.060900 ms CreateObjectMapping: 0.347900 ms MarkObjects: 9.514100 ms  DeleteObjects: 1.726400 ms)

========================================================================
Received Prepare
Registering precompiled user dll's ...
Registered in 0.016904 seconds.
Begin MonoManager ReloadAssembly
Native extension for WindowsStandalone target not found
Refreshing native plugins compatible for Editor in 2.34 ms, found 0 plugins.
Preloading 0 native plugins for Editor in 0.00 ms.
Mono: successfully reloaded assembly
- Completed reload, in  9.484 seconds
Platform modules already initialized, skipping
Refreshing native plugins compatible for Editor in 4.89 ms, found 0 plugins.
Preloading 0 native plugins for Editor in 0.00 ms.
Unloading 1464 Unused Serialized files (Serialized files now loaded: 0)
System memory in use before: 71.6 MB.
System memory in use after: 71.1 MB.

Unloading 36 unused Assets to reduce memory usage. Loaded Objects now: 2013.
Total: 31.030000 ms (FindLiveObjects: 1.973100 ms CreateObjectMapping: 3.896500 ms MarkObjects: 23.250500 ms  DeleteObjects: 1.905500 ms)

========================================================================
Received Prepare
Registering precompiled user dll's ...
Registered in 0.024680 seconds.
Begin MonoManager ReloadAssembly
Native extension for WindowsStandalone target not found
Refreshing native plugins compatible for Editor in 3.39 ms, found 0 plugins.
Preloading 0 native plugins for Editor in 0.00 ms.
Mono: successfully reloaded assembly
- Completed reload, in 11.632 seconds
Platform modules already initialized, skipping
Refreshing native plugins compatible for Editor in 2.37 ms, found 0 plugins.
Preloading 0 native plugins for Editor in 0.00 ms.
Unloading 1464 Unused Serialized files (Serialized files now loaded: 0)
System memory in use before: 71.6 MB.
System memory in use after: 71.1 MB.

Unloading 36 unused Assets to reduce memory usage. Loaded Objects now: 2016.
Total: 21.059100 ms (FindLiveObjects: 1.450100 ms CreateObjectMapping: 0.557400 ms MarkObjects: 16.548500 ms  DeleteObjects: 2.478800 ms)

========================================================================
Received Prepare
Registering precompiled user dll's ...
Registered in 0.006614 seconds.
Begin MonoManager ReloadAssembly
Native extension for WindowsStandalone target not found
Refreshing native plugins compatible for Editor in 0.98 ms, found 0 plugins.
Preloading 0 native plugins for Editor in 0.00 ms.
Mono: successfully reloaded assembly
- Completed reload, in  3.051 seconds
Platform modules already initialized, skipping
Refreshing native plugins compatible for Editor in 1.06 ms, found 0 plugins.
Preloading 0 native plugins for Editor in 0.00 ms.
Unloading 1465 Unused Serialized files (Serialized files now loaded: 0)
System memory in use before: 71.7 MB.
System memory in use after: 71.1 MB.

Unloading 36 unused Assets to reduce memory usage. Loaded Objects now: 2020.
Total: 5.352900 ms (FindLiveObjects: 0.463300 ms CreateObjectMapping: 0.132400 ms MarkObjects: 3.881700 ms  DeleteObjects: 0.871800 ms)

========================================================================
Received Prepare
Registering precompiled user dll's ...
Registered in 0.004096 seconds.
Begin MonoManager ReloadAssembly
Native extension for WindowsStandalone target not found
Refreshing native plugins compatible for Editor in 0.66 ms, found 0 plugins.
Preloading 0 native plugins for Editor in 0.00 ms.
Mono: successfully reloaded assembly
- Completed reload, in  1.525 seconds
Platform modules already initialized, skipping
Refreshing native plugins compatible for Editor in 0.91 ms, found 0 plugins.
Preloading 0 native plugins for Editor in 0.00 ms.
Unloading 1465 Unused Serialized files (Serialized files now loaded: 0)
System memory in use before: 71.6 MB.
System memory in use after: 71.1 MB.

Unloading 36 unused Assets to reduce memory usage. Loaded Objects now: 2023.
Total: 9.539500 ms (FindLiveObjects: 3.595700 ms CreateObjectMapping: 0.340000 ms MarkObjects: 4.741900 ms  DeleteObjects: 0.854700 ms)

========================================================================
Received Prepare
Registering precompiled user dll's ...
Registered in 0.003888 seconds.
Begin MonoManager ReloadAssembly
Native extension for WindowsStandalone target not found
Refreshing native plugins compatible for Editor in 0.95 ms, found 0 plugins.
Preloading 0 native plugins for Editor in 0.00 ms.
Mono: successfully reloaded assembly
- Completed reload, in  1.818 seconds
Platform modules already initialized, skipping
Refreshing native plugins compatible for Editor in 0.95 ms, found 0 plugins.
Preloading 0 native plugins for Editor in 0.00 ms.
Unloading 1465 Unused Serialized files (Serialized files now loaded: 0)
System memory in use before: 71.7 MB.
System memory in use after: 71.2 MB.

Unloading 36 unused Assets to reduce memory usage. Loaded Objects now: 2026.
Total: 4.541600 ms (FindLiveObjects: 0.392700 ms CreateObjectMapping: 0.079700 ms MarkObjects: 3.494900 ms  DeleteObjects: 0.572900 ms)

========================================================================
Received Import Request.
  Time since last request: 4758.653774 seconds.
  path: Assets/Scenes/menu.unity
  artifactKey: Guid(d742daba816eef24e934529f40db0469) Importer(815301076,1909f56bfc062723c751e8b465ee728b)
Start importing Assets/Scenes/menu.unity using Guid(d742daba816eef24e934529f40db0469) Importer(815301076,1909f56bfc062723c751e8b465ee728b)  -> (artifact id: '9354eb0558ef57860a27e1b12699bab7') in 0.038156 seconds
  Import took 0.044136 seconds .

========================================================================
Received Prepare
Registering precompiled user dll's ...
Registered in 0.003974 seconds.
Begin MonoManager ReloadAssembly
Native extension for WindowsStandalone target not found
Refreshing native plugins compatible for Editor in 1.18 ms, found 0 plugins.
Preloading 0 native plugins for Editor in 0.00 ms.
Mono: successfully reloaded assembly
- Completed reload, in  2.410 seconds
Platform modules already initialized, skipping
Refreshing native plugins compatible for Editor in 0.80 ms, found 0 plugins.
Preloading 0 native plugins for Editor in 0.00 ms.
Unloading 1465 Unused Serialized files (Serialized files now loaded: 0)
System memory in use before: 71.7 MB.
System memory in use after: 71.2 MB.

Unloading 36 unused Assets to reduce memory usage. Loaded Objects now: 2029.
Total: 4.730000 ms (FindLiveObjects: 0.371200 ms CreateObjectMapping: 0.175200 ms MarkObjects: 3.279100 ms  DeleteObjects: 0.899300 ms)

========================================================================
Received Prepare
Registering precompiled user dll's ...
Registered in 0.004620 seconds.
Begin MonoManager ReloadAssembly
Native extension for WindowsStandalone target not found
Refreshing native plugins compatible for Editor in 1.70 ms, found 0 plugins.
Preloading 0 native plugins for Editor in 0.00 ms.
Mono: successfully reloaded assembly
- Completed reload, in  3.789 seconds
Platform modules already initialized, skipping
Refreshing native plugins compatible for Editor in 1.23 ms, found 0 plugins.
Preloading 0 native plugins for Editor in 0.00 ms.
Unloading 1465 Unused Serialized files (Serialized files now loaded: 0)
System memory in use before: 71.7 MB.
System memory in use after: 71.2 MB.

Unloading 36 unused Assets to reduce memory usage. Loaded Objects now: 2032.
Total: 7.246000 ms (FindLiveObjects: 0.539000 ms CreateObjectMapping: 0.208100 ms MarkObjects: 5.324300 ms  DeleteObjects: 1.171100 ms)

========================================================================
Received Prepare
Refreshing native plugins compatible for Editor in 27.18 ms, found 0 plugins.
Preloading 0 native plugins for Editor in 0.00 ms.
Unloading 34 Unused Serialized files (Serialized files now loaded: 0)
System memory in use before: 43.4 MB.
System memory in use after: 42.8 MB.

Unloading 34 unused Assets to reduce memory usage. Loaded Objects now: 2032.
Total: 6.117200 ms (FindLiveObjects: 0.540800 ms CreateObjectMapping: 0.139900 ms MarkObjects: 4.617700 ms  DeleteObjects: 0.816200 ms)

AssetImportWorkerClient::OnTransportError - code=2 error=End of file
